60000
10000
70000
20000
80000
30000
90000
40000
100000
50000
110000
60000
120000
70000
130000
80000
140000
90000
150000
100000
160000
110000
170000
120000
180000
130000
190000
140000
200000
150000
210000
160000
220000
170000
230000
180000
240000
190000
250000
200000
260000
210000
270000
220000
280000
230000
290000
240000
300000
250000
310000
260000
320000
270000
330000
280000
340000
290000
350000
300000
360000
310000
370000
320000
380000
330000
390000
340000
400000
350000
410000
360000
420000
370000
430000
380000
440000
390000
450000
400000
460000
410000
470000
420000
480000
430000
490000
440000
500000
450000
510000
460000
520000
470000
530000
480000
540000
490000
550000
500000
560000
510000
570000
520000
580000
530000
590000
540000
600000
550000
610000
560000
620000
570000
630000
580000
640000
590000
650000
600000
660000
610000
670000
620000
680000
630000
690000
640000
700000
650000
710000
660000
720000
670000
730000
740000
680000
690000
750000
700000
760000
770000
710000
780000
720000
790000
730000
800000
740000
810000
750000
820000
760000
830000
770000
840000
780000
850000
790000
860000
800000
870000
810000
880000
820000
890000
830000
900000
840000
910000
850000
920000
860000
930000
870000
940000
880000
950000
890000
960000
900000
970000
910000
980000
920000
990000
930000
1000000
940000
1010000
950000
1020000
960000
1030000
970000
1040000
980000
1050000
990000
1060000
1000000
1070000
1010000
1080000
1020000
1090000
1030000
1100000
1040000
1110000
1050000
1120000
1060000
1130000
1070000
1140000
1080000
1150000
1090000
1160000
1100000
1170000
1110000
1180000
1120000
1190000
1130000
1200000
1140000
1210000
1150000
1220000
1160000
1230000
1170000
1240000
1180000
1250000
1190000
1260000
1200000
1270000
1210000
1280000
1220000
1290000
1230000
1300000
1240000
1310000
1250000
1320000
1260000
1330000
1270000
1340000
1280000
1350000
1290000
1360000
1300000
1370000
1310000
1380000
1320000
1390000
1330000
1400000
1340000
1410000
1350000
1420000
1360000
1430000
1370000
1440000
1380000
1450000
1390000
1460000
1400000
1470000
1410000
1480000
1420000
1490000
1430000
1500000
1440000
1510000
1450000
1520000
1460000
1530000
1470000
1540000
1480000
1550000
1490000
1560000
1500000
1570000
1510000
1580000
1520000
1590000
1530000
1600000
1540000
1610000
1550000
1620000
1560000
1630000
1570000
1640000
1650000
1580000
1660000
1590000
1670000
1600000
1680000
1610000
1690000
1620000
1700000
1630000
1710000
1640000
1720000
1650000
1730000
1660000
1740000
1670000
1750000
1680000
1760000
1690000
1770000
1700000
1780000
1710000
1790000
1720000
1800000
1730000
1810000
1740000
1820000
1750000
1830000
1760000
1840000
1770000
1850000
1780000
1860000
1790000
1870000
1800000
1880000
1810000
1890000
1820000
1900000
1830000
1910000
1840000
1920000
1850000
1930000
1860000
1940000
1870000
1950000
1880000
1960000
1890000
1970000
1900000
1980000
1910000
1990000
1920000
2000000
1930000
2010000
1940000
2020000
1950000
2030000
1960000
2040000
1970000
2050000
1980000
2060000
1990000
2070000
2000000
2080000
2010000
2020000
2030000
2040000
2050000
2060000
2070000
2080000
2090000
2100000
2110000
2120000
2130000
2140000
2150000
2160000
2170000
2180000
2190000
2200000
2210000
2220000
2230000
2240000
2250000
2260000
2270000
2280000
2290000
2300000
2310000
2320000
2330000
2340000
2350000
2360000
2370000
2380000
2390000
2400000
2410000
2420000
2430000
2440000
2450000
2460000
2470000
2480000
2490000
2500000
2510000
2520000
2530000
2540000
2550000
2560000
2570000
2580000
2590000
2600000
2610000
2620000
2630000
2640000
2650000
2660000
2670000
2680000
2690000
2700000
2710000
2720000
2730000
2740000
2750000
2760000
2770000
2780000
2790000
2800000
2810000
2820000
2830000
2840000
2850000
2860000
2870000
2880000
2890000
2900000
2910000
2920000
2930000
2940000
2950000
2960000
2970000
2980000
2990000
3000000
3010000
3020000
3030000
3040000
3050000
3060000
3070000
3080000
3090000
3100000
3110000
3120000
3130000
3140000
3150000
3160000
3170000
3180000
3190000
3200000
3210000
3220000
3230000
3240000
3250000
3260000
3270000
3280000
3290000
3300000
3310000
3320000
3330000
3340000
3350000
3360000
3370000
3380000
3390000
3400000
3410000
3420000
3430000
3440000
3450000
3460000
3470000
3480000
3490000
3500000
3510000
3520000
3530000
3540000
3550000
3560000
3570000
3580000
3590000
3600000
3610000
3620000
3630000
3640000
3650000
3660000
3670000
3680000
3690000
3700000
3710000
3720000
3730000
3740000
3750000
